<?xml version="1.0" encoding="UTF-8"?>
<testng-results ignored="0" total="3" passed="3" failed="0" skipped="0">
  <reporter-output>
    <line>
      <![CDATA[Successfully Launched Chrome Browser]]>
    </line>
    <line>
      <![CDATA[Browser window is maximized successfully]]>
    </line>
    <line>
      <![CDATA[Successfully Launched Chrome Browser]]>
    </line>
    <line>
      <![CDATA[Browser window is maximized successfully]]>
    </line>
    <line>
      <![CDATA[Successfully Launched Chrome Browser]]>
    </line>
    <line>
      <![CDATA[Browser window is maximized successfully]]>
    </line>
  </reporter-output>
  <suite started-at="2022-03-02T20:09:50 IST" name="Suite" finished-at="2022-03-02T20:11:17 IST" duration-ms="87065">
    <groups>
    </groups>
    <test started-at="2022-03-02T20:09:50 IST" name="Test" finished-at="2022-03-02T20:11:17 IST" duration-ms="87065">
      <class name="tasksModule.TC_003Test">
        <test-method is-config="true" signature="openTheBrowser(java.lang.String)[pri:0, instance:tasksModule.TC_003Test@5fd4f8f5]" started-at="2022-03-02T20:10:53 IST" name="openTheBrowser" finished-at="2022-03-02T20:10:54 IST" duration-ms="1371" status="PASS">
          <params>
            <param index="0">
              <value>
                <![CDATA[chrome]]>
              </value>
            </param>
          </params>
          <reporter-output>
            <line>
              <![CDATA[Successfully Launched Chrome Browser]]>
            </line>
            <line>
              <![CDATA[Browser window is maximized successfully]]>
            </line>
          </reporter-output>
        </test-method> <!-- openTheBrowser -->
        <test-method is-config="true" signature="loginToApplication()[pri:0, instance:tasksModule.TC_003Test@5fd4f8f5]" started-at="2022-03-02T20:10:54 IST" name="loginToApplication" finished-at="2022-03-02T20:11:04 IST" duration-ms="9387" status="PASS">
          <reporter-output>
          </reporter-output>
        </test-method> <!-- loginToApplication -->
        <test-method signature="Delting()[pri:0, instance:tasksModule.TC_003Test@5fd4f8f5]" started-at="2022-03-02T20:11:04 IST" name="Delting" finished-at="2022-03-02T20:11:13 IST" duration-ms="9179" status="PASS">
          <reporter-output>
          </reporter-output>
        </test-method> <!-- Delting -->
        <test-method is-config="true" signature="logoutOfApplication()[pri:0, instance:tasksModule.TC_003Test@5fd4f8f5]" started-at="2022-03-02T20:11:13 IST" name="logoutOfApplication" finished-at="2022-03-02T20:11:16 IST" duration-ms="2741" status="PASS">
          <reporter-output>
          </reporter-output>
        </test-method> <!-- logoutOfApplication -->
        <test-method is-config="true" signature="closeTheBrowser()[pri:0, instance:tasksModule.TC_003Test@5fd4f8f5]" started-at="2022-03-02T20:11:16 IST" name="closeTheBrowser" finished-at="2022-03-02T20:11:17 IST" duration-ms="1219" status="PASS">
          <reporter-output>
          </reporter-output>
        </test-method> <!-- closeTheBrowser -->
      </class> <!-- tasksModule.TC_003Test -->
      <class name="tasksModule.TC_002Test">
        <test-method is-config="true" signature="openTheBrowser(java.lang.String)[pri:0, instance:tasksModule.TC_002Test@67080771]" started-at="2022-03-02T20:09:50 IST" name="openTheBrowser" finished-at="2022-03-02T20:09:54 IST" duration-ms="3846" status="PASS">
          <params>
            <param index="0">
              <value>
                <![CDATA[chrome]]>
              </value>
            </param>
          </params>
          <reporter-output>
            <line>
              <![CDATA[Successfully Launched Chrome Browser]]>
            </line>
            <line>
              <![CDATA[Browser window is maximized successfully]]>
            </line>
          </reporter-output>
        </test-method> <!-- openTheBrowser -->
        <test-method is-config="true" signature="loginToApplication()[pri:0, instance:tasksModule.TC_002Test@67080771]" started-at="2022-03-02T20:09:54 IST" name="loginToApplication" finished-at="2022-03-02T20:10:05 IST" duration-ms="11050" status="PASS">
          <reporter-output>
          </reporter-output>
        </test-method> <!-- loginToApplication -->
        <test-method signature="CopyPro()[pri:0, instance:tasksModule.TC_002Test@67080771]" started-at="2022-03-02T20:10:05 IST" name="CopyPro" finished-at="2022-03-02T20:10:18 IST" duration-ms="13507" status="PASS">
          <reporter-output>
          </reporter-output>
        </test-method> <!-- CopyPro -->
        <test-method is-config="true" signature="logoutOfApplication()[pri:0, instance:tasksModule.TC_002Test@67080771]" started-at="2022-03-02T20:10:18 IST" name="logoutOfApplication" finished-at="2022-03-02T20:10:21 IST" duration-ms="2812" status="PASS">
          <reporter-output>
          </reporter-output>
        </test-method> <!-- logoutOfApplication -->
        <test-method is-config="true" signature="closeTheBrowser()[pri:0, instance:tasksModule.TC_002Test@67080771]" started-at="2022-03-02T20:10:21 IST" name="closeTheBrowser" finished-at="2022-03-02T20:10:21 IST" duration-ms="354" status="PASS">
          <reporter-output>
          </reporter-output>
        </test-method> <!-- closeTheBrowser -->
      </class> <!-- tasksModule.TC_002Test -->
      <class name="tasksModule.TC_001Test">
        <test-method is-config="true" signature="openTheBrowser(java.lang.String)[pri:0, instance:tasksModule.TC_001Test@72cde7cc]" started-at="2022-03-02T20:10:22 IST" name="openTheBrowser" finished-at="2022-03-02T20:10:23 IST" duration-ms="1295" status="PASS">
          <params>
            <param index="0">
              <value>
                <![CDATA[chrome]]>
              </value>
            </param>
          </params>
          <reporter-output>
            <line>
              <![CDATA[Successfully Launched Chrome Browser]]>
            </line>
            <line>
              <![CDATA[Browser window is maximized successfully]]>
            </line>
          </reporter-output>
        </test-method> <!-- openTheBrowser -->
        <test-method is-config="true" signature="loginToApplication()[pri:0, instance:tasksModule.TC_001Test@72cde7cc]" started-at="2022-03-02T20:10:23 IST" name="loginToApplication" finished-at="2022-03-02T20:10:32 IST" duration-ms="9481" status="PASS">
          <reporter-output>
          </reporter-output>
        </test-method> <!-- loginToApplication -->
        <test-method signature="GenSettings()[pri:0, instance:tasksModule.TC_001Test@72cde7cc]" started-at="2022-03-02T20:10:32 IST" name="GenSettings" finished-at="2022-03-02T20:10:50 IST" duration-ms="17645" status="PASS">
          <reporter-output>
          </reporter-output>
        </test-method> <!-- GenSettings -->
        <test-method is-config="true" signature="logoutOfApplication()[pri:0, instance:tasksModule.TC_001Test@72cde7cc]" started-at="2022-03-02T20:10:50 IST" name="logoutOfApplication" finished-at="2022-03-02T20:10:53 IST" duration-ms="2727" status="PASS">
          <reporter-output>
          </reporter-output>
        </test-method> <!-- logoutOfApplication -->
        <test-method is-config="true" signature="closeTheBrowser()[pri:0, instance:tasksModule.TC_001Test@72cde7cc]" started-at="2022-03-02T20:10:53 IST" name="closeTheBrowser" finished-at="2022-03-02T20:10:53 IST" duration-ms="343" status="PASS">
          <reporter-output>
          </reporter-output>
        </test-method> <!-- closeTheBrowser -->
      </class> <!-- tasksModule.TC_001Test -->
    </test> <!-- Test -->
  </suite> <!-- Suite -->
</testng-results>
