<?xml version="1.0" encoding="UTF-8"?>
<!-- Generated by org.testng.reporters.JUnitXMLReporter -->
<testsuite ignored="0" hostname="DESKTOP-RJQIS1D" failures="0" tests="3" name="Test" time="87.065" errors="0" timestamp="2022-03-02T20:11:17 IST">
  <testcase classname="tasksModule.TC_002Test" name="CopyPro" time="13.507"/>
  <testcase classname="tasksModule.TC_001Test" name="GenSettings" time="17.645"/>
  <testcase classname="tasksModule.TC_003Test" name="Delting" time="9.179"/>
</testsuite> <!-- Test -->
